Command line:
   tb_cpu_isim_beh.exe
     -simmode  gui
     -simrunnum  0
     -socket  33887

Sun May  1 00:57:53 2016


 Elaboration Time: 0.03 sec

 Current Memory Usage: 213.967 Meg

 Total Signals          : 266
 Total Nets             : 25950
 Total Signal Drivers   : 272
 Total Blocks           : 32
 Total Primitive Blocks : 24
 Total Processes        : 267
 Total Traceable Variables  : 46
 Total Scalar Nets and Variables : 26653
Total Line Count : 328
Total Line Count : 328

 Total Simulation Time: 0.11 sec

 Current Memory Usage: 289.468 Meg

Sun May  1 00:59:29 2016

