Command line:
   tb_processor_core_isim_beh.exe
     -simmode  gui
     -simrunnum  0
     -socket  51509

Sat May  7 11:41:28 2016


 Elaboration Time: 0.24 sec

 Current Memory Usage: 142.705 Meg

 Total Signals          : 266
 Total Nets             : 25950
 Total Signal Drivers   : 272
 Total Blocks           : 32
 Total Primitive Blocks : 24
 Total Processes        : 267
 Total Traceable Variables  : 46
 Total Scalar Nets and Variables : 26643
In process instr_mem_simulatio.vhd:memory_process 
 
In process instr_mem_simulatio.vhd:memory_process 
 

 Total Simulation Time: 0.36 sec

 Current Memory Usage: 152.146 Meg

Sat May  7 11:45:09 2016

