ISim log file
<<<<<<< HEAD
Running: /home/ctnguyen/Works/CPU-2016/ise_pipelineCPU/tb_four_bits_CLA_adder_isim_beh.exe -intstyle ise -gui -tclbatch isim.cmd -wdb /home/ctnguyen/Works/CPU-2016/ise_pipelineCPU/tb_four_bits_CLA_adder_isim_beh.wdb 
ISim P.20131013 (signature 0xfbc00daa)
----------------------------------------------------------------------
WARNING:Security:42 - Your software subscription period has lapsed. Your current version of Xilinx tools will continue to function, but you no longer qualify for Xilinx software updates or new releases.


----------------------------------------------------------------------
This is a Full version of ISim.
=======
Running: /home/waseemh/Xilinx_Proj/CPU-2016/ise_pipelineCPU/tb_decode_stage_isim_beh.exe -intstyle ise -gui -tclbatch isim.cmd -wdb /home/waseemh/Xilinx_Proj/CPU-2016/ise_pipelineCPU/tb_decode_stage_isim_beh.wdb 
ISim P.20131013 (signature 0xfbc00daa)
WARNING: A WEBPACK license was found.
WARNING: Please use Xilinx License Configuration Manager to check out a full ISim license.
WARNING: ISim will run in Lite mode. Please refer to the ISim documentation for more information on the differences between the Lite and the Full version.
This is a Lite version of ISim.
>>>>>>> 1c058c99adf7987cf3bd05504fe0c35e39fc914c
Time resolution is 1 ps
# onerror resume
# wave add /
# run 1000 ns
Simulator is doing circuit initialization process.
<<<<<<< HEAD
Finished circuit initialization process.
# exit 0
=======
at 0 ps, Instance /tb_decode_stage/uut/regFile/ : Warning: NUMERIC_STD.TO_INTEGER: metavalue detected, returning 0
at 0 ps, Instance /tb_decode_stage/uut/regFile/ : Warning: NUMERIC_STD.TO_INTEGER: metavalue detected, returning 0
Finished circuit initialization process.
at 820 ns, Instance /tb_decode_stage/ : Warning: NUMERIC_STD.TO_UNSIGNED: vector truncated
# restart
# run all
Simulator is doing circuit initialization process.
at 0 ps, Instance /tb_decode_stage/uut/regFile/ : Warning: NUMERIC_STD.TO_INTEGER: metavalue detected, returning 0
at 0 ps, Instance /tb_decode_stage/uut/regFile/ : Warning: NUMERIC_STD.TO_INTEGER: metavalue detected, returning 0
Finished circuit initialization process.
at 820 ns, Instance /tb_decode_stage/ : Warning: NUMERIC_STD.TO_UNSIGNED: vector truncated
<<<<<<< HEAD
Stopped at time : 4824420 ns : File "/home/waseemh/Xilinx_Proj/CPU-2016/ise_pipelineCPU/src/decode_stage.vhd" Line 146
# exit 0
=======
Stopped at time : 5615435 ns : File "/home/waseemh/Xilinx_Proj/CPU-2016/ise_pipelineCPU/src/decode_stage.vhd" Line 161
<<<<<<< HEAD
# exit 0
=======
>>>>>>> 1c058c99adf7987cf3bd05504fe0c35e39fc914c
>>>>>>> 10a17c2c8ce4413d39650c34a609bc30a8445bc0
>>>>>>> 31cf3984947158ba9c7902aaafafcba6971d39a1
