Command line:
   tb_sixteen_bits_adder_isim_beh.exe
     -simmode  gui
     -simrunnum  0
     -socket  34291

Sun May  1 00:53:28 2016


 Elaboration Time: 0.02 sec

 Current Memory Usage: 195.903 Meg

 Total Signals          : 56
 Total Nets             : 112
 Total Signal Drivers   : 78
 Total Blocks           : 9
 Total Primitive Blocks : 7
 Total Processes        : 76
 Total Traceable Variables  : 14
 Total Scalar Nets and Variables : 596
Total Line Count : 88

 Total Simulation Time: 0.14 sec

 Current Memory Usage: 271.405 Meg

Sun May  1 00:55:44 2016

